[     872ms] [WARNING] <link rel=preload> uses an unsupported `as` value @ https://coventrynorthlandrover.com/pre-owned-inventory/:127
[    1171ms] [WARNING] LBX: lastUpdate session storage not found @ https://coventrynorthlandrover.com/wp-content/themes/lbx-iag/public/scripts/app.js?id=17e3c0fabf5064e46a8d4401afddb4a0:0
[    1244ms] [ERROR] Refused to execute script from 'https://coventrynorthlandrover.com/' because its MIME type ('text/html') is not executable, and strict MIME type checking is enabled. @ https://coventrynorthlandrover.com/pre-owned-inventory/:0
[    1266ms] [WARNING] LBX: Inv has no response or 5 mins has passed or no lastUpdateInventoryJSON @ https://coventrynorthlandrover.com/wp-content/themes/lbx-iag/public/scripts/app.js?id=17e3c0fabf5064e46a8d4401afddb4a0:0
[    1553ms] SyntaxError: Identifier 'observer' has already been declared
    at <anonymous>:1:1
    at https://www.googletagmanager.com/gtm.js?id=GTM-NC9HJWL:910:429
    at aR (https://www.googletagmanager.com/gtm.js?id=GTM-NC9HJWL:912:31)
    at Od.$Q (https://www.googletagmanager.com/gtm.js?id=GTM-NC9HJWL:909:85)
    at Od.<anonymous> (https://www.googletagmanager.com/gtm.js?id=GTM-NC9HJWL:314:187)
    at k.apply (https://www.googletagmanager.com/gtm.js?id=GTM-NC9HJWL:243:466)
    at nb (https://www.googletagmanager.com/gtm.js?id=GTM-NC9HJWL:205:209)
    at mb (https://www.googletagmanager.com/gtm.js?id=GTM-NC9HJWL:204:527)
    at Od.<anonymous> (https://www.googletagmanager.com/gtm.js?id=GTM-NC9HJWL:267:473)
    at k.apply (https://www.googletagmanager.com/gtm.js?id=GTM-NC9HJWL:243:466)
[    1695ms] [ERROR] Failed to load resource: net::ERR_NAME_NOT_RESOLVED @ https://secure-ds.serving-sys.com/SemiCachedScripts/ebOneTag.js:0
[    2187ms] [ERROR] Attestation check for Attribution Reporting on https://www.google-analytics.com failed. @ https://coventrynorthlandrover.com/pre-owned-inventory/:0
[    2201ms] [WARNING] [Meta Pixel] - Invalid PixelID: null. @ https://connect.facebook.net/en_US/fbevents.js:171
[    2204ms] [WARNING] [Meta Pixel] - You are sending a non-standard event 'DAP SRP'. The preferred way to send these events is using trackCustom. See 'https://developers.facebook.com/docs/ads-for-websites/pixel-events/#events' for more information. @ https://connect.facebook.net/en_US/fbevents.js:171
[    9027ms] [WARNING] No available adapters. @ https://challenges.cloudflare.com/cdn-cgi/challenge-platform/h/b/turnstile/f/ov2/av0/rch/nf0ws/0x4AAAAAAA5YSuWDpwpgy3tz/auto/fbE/new/normal?lang=auto:0
[    9125ms] [ERROR] Failed to load resource: the server responded with a status of 401 () @ https://challenges.cloudflare.com/cdn-cgi/challenge-platform/h/b/pat/9ca77bdaeacb39f5/1770515506659/4458e6bca32c4b33e4ee1561e91c40835c63ca97066222b4634f1479ce094510/P0JcwyVjhko-jg3:0
[    9170ms] [ERROR]  Note that 'script-src' was not explicitly set, so 'default-src' is used as a fallback. @ https://challenges.cloudflare.com/cdn-cgi/challenge-platform/h/b/turnstile/f/ov2/av0/rch/nf0ws/0x4AAAAAAA5YSuWDpwpgy3tz/auto/fbE/new/normal?lang=auto:0
[    9303ms] [ERROR] %c%d font-size:0;color:transparent NaN @ https://challenges.cloudflare.com/cdn-cgi/challenge-platform/h/b/turnstile/f/ov2/av0/rch/nf0ws/0x4AAAAAAA5YSuWDpwpgy3tz/auto/fbE/new/normal?lang=auto:0
[    9303ms] [ERROR] %c%d font-size:0;color:transparent NaN @ https://challenges.cloudflare.com/cdn-cgi/challenge-platform/h/b/turnstile/f/ov2/av0/rch/nf0ws/0x4AAAAAAA5YSuWDpwpgy3tz/auto/fbE/new/normal?lang=auto:0
[    9305ms] [WARNING] %c%d font-size:0;color:transparent NaN @ https://challenges.cloudflare.com/cdn-cgi/challenge-platform/h/b/turnstile/f/ov2/av0/rch/nf0ws/0x4AAAAAAA5YSuWDpwpgy3tz/auto/fbE/new/normal?lang=auto:0
[    9305ms] [WARNING] %c%d font-size:0;color:transparent NaN @ https://challenges.cloudflare.com/cdn-cgi/challenge-platform/h/b/turnstile/f/ov2/av0/rch/nf0ws/0x4AAAAAAA5YSuWDpwpgy3tz/auto/fbE/new/normal?lang=auto:0
[    9685ms] [WARNING] [Cloudflare Turnstile] Error: 600010. @ https://chat.matador.ai/assets/index-CFlNOWvb.js:3
[   10174ms] [ERROR] Failed to load resource: the server responded with a status of 401 () @ https://challenges.cloudflare.com/cdn-cgi/challenge-platform/h/b/pat/9ca77bf4cf1e39f5/1770515510773/11f31b9463df8e3426bb4157aa79aa738d42cdfe7a1fbc188637524fd526f6d9/fCjHcjNlN7obQhV:0
[   10186ms] [ERROR] %c%d font-size:0;color:transparent NaN @ https://challenges.cloudflare.com/cdn-cgi/challenge-platform/h/b/turnstile/f/ov2/av0/rch8wA5_HExgzy2HIe8AU_tk6mTPs8TKTABSvteSX2p.eA-1770515506-1.3.1.1-wGyW2CO1fwWWXu4ZHYcuw94r4uDT35Ah.d.NOML1Tq4/nf0ws/0x4AAAAAAA5YSuWDpwpgy3tz/auto/fbE/api/normal?lang=auto:0
[   10186ms] [ERROR] %c%d font-size:0;color:transparent NaN @ https://challenges.cloudflare.com/cdn-cgi/challenge-platform/h/b/turnstile/f/ov2/av0/rch8wA5_HExgzy2HIe8AU_tk6mTPs8TKTABSvteSX2p.eA-1770515506-1.3.1.1-wGyW2CO1fwWWXu4ZHYcuw94r4uDT35Ah.d.NOML1Tq4/nf0ws/0x4AAAAAAA5YSuWDpwpgy3tz/auto/fbE/api/normal?lang=auto:0
[   10187ms] [WARNING] %c%d font-size:0;color:transparent NaN @ https://challenges.cloudflare.com/cdn-cgi/challenge-platform/h/b/turnstile/f/ov2/av0/rch8wA5_HExgzy2HIe8AU_tk6mTPs8TKTABSvteSX2p.eA-1770515506-1.3.1.1-wGyW2CO1fwWWXu4ZHYcuw94r4uDT35Ah.d.NOML1Tq4/nf0ws/0x4AAAAAAA5YSuWDpwpgy3tz/auto/fbE/api/normal?lang=auto:0
[   10187ms] [WARNING] %c%d font-size:0;color:transparent NaN @ https://challenges.cloudflare.com/cdn-cgi/challenge-platform/h/b/turnstile/f/ov2/av0/rch8wA5_HExgzy2HIe8AU_tk6mTPs8TKTABSvteSX2p.eA-1770515506-1.3.1.1-wGyW2CO1fwWWXu4ZHYcuw94r4uDT35Ah.d.NOML1Tq4/nf0ws/0x4AAAAAAA5YSuWDpwpgy3tz/auto/fbE/api/normal?lang=auto:0
[   10214ms] [ERROR]  Note that 'script-src' was not explicitly set, so 'default-src' is used as a fallback. @ https://challenges.cloudflare.com/cdn-cgi/challenge-platform/h/b/turnstile/f/ov2/av0/rch8wA5_HExgzy2HIe8AU_tk6mTPs8TKTABSvteSX2p.eA-1770515506-1.3.1.1-wGyW2CO1fwWWXu4ZHYcuw94r4uDT35Ah.d.NOML1Tq4/nf0ws/0x4AAAAAAA5YSuWDpwpgy3tz/auto/fbE/api/normal?lang=auto:0
[   13117ms] [WARNING] No available adapters. @ https://challenges.cloudflare.com/cdn-cgi/challenge-platform/h/b/turnstile/f/ov2/av0/rch8wA5_HExgzy2HIe8AU_tk6mTPs8TKTABSvteSX2p.eA-1770515506-1.3.1.1-wGyW2CO1fwWWXu4ZHYcuw94r4uDT35Ah.d.NOML1Tq4/nf0ws/0x4AAAAAAA5YSuWDpwpgy3tz/auto/fbE/api/normal?lang=auto:0
[   13468ms] [WARNING] [Cloudflare Turnstile] Error: 600010. @ https://chat.matador.ai/assets/index-CFlNOWvb.js:3
