[    1167ms] [WARNING] <link rel=preload> uses an unsupported `as` value @ https://coventrynorthlandrover.com/pre-owned-inventory/:127
[    1509ms] [ERROR] Refused to execute script from 'https://coventrynorthlandrover.com/' because its MIME type ('text/html') is not executable, and strict MIME type checking is enabled. @ https://coventrynorthlandrover.com/pre-owned-inventory/:0
[    1596ms] [WARNING] LBX: lastUpdate session storage not found @ https://coventrynorthlandrover.com/wp-content/themes/lbx-iag/public/scripts/app.js?id=17e3c0fabf5064e46a8d4401afddb4a0:0
[    1687ms] [WARNING] LBX: Inv has no response or 5 mins has passed or no lastUpdateInventoryJSON @ https://coventrynorthlandrover.com/wp-content/themes/lbx-iag/public/scripts/app.js?id=17e3c0fabf5064e46a8d4401afddb4a0:0
[    1875ms] [ERROR] Failed to load resource: net::ERR_NAME_NOT_RESOLVED @ https://secure-ds.serving-sys.com/SemiCachedScripts/ebOneTag.js:0
[    1972ms] SyntaxError: Identifier 'observer' has already been declared
    at <anonymous>:1:1
    at https://www.googletagmanager.com/gtm.js?id=GTM-NC9HJWL:909:429
    at aR (https://www.googletagmanager.com/gtm.js?id=GTM-NC9HJWL:911:31)
    at Od.$Q (https://www.googletagmanager.com/gtm.js?id=GTM-NC9HJWL:908:85)
    at Od.<anonymous> (https://www.googletagmanager.com/gtm.js?id=GTM-NC9HJWL:314:187)
    at k.apply (https://www.googletagmanager.com/gtm.js?id=GTM-NC9HJWL:243:466)
    at nb (https://www.googletagmanager.com/gtm.js?id=GTM-NC9HJWL:205:209)
    at mb (https://www.googletagmanager.com/gtm.js?id=GTM-NC9HJWL:204:527)
    at Od.<anonymous> (https://www.googletagmanager.com/gtm.js?id=GTM-NC9HJWL:267:473)
    at k.apply (https://www.googletagmanager.com/gtm.js?id=GTM-NC9HJWL:243:466)
[    2491ms] [ERROR] Attestation check for Attribution Reporting on https://www.google-analytics.com failed. @ https://coventrynorthlandrover.com/pre-owned-inventory/:0
[    2680ms] [WARNING] [Meta Pixel] - Invalid PixelID: null. @ https://connect.facebook.net/en_US/fbevents.js:171
[    2683ms] [WARNING] [Meta Pixel] - You are sending a non-standard event 'DAP SRP'. The preferred way to send these events is using trackCustom. See 'https://developers.facebook.com/docs/ads-for-websites/pixel-events/#events' for more information. @ https://connect.facebook.net/en_US/fbevents.js:171
[    6281ms] [ERROR] Failed to load resource: the server responded with a status of 401 () @ https://challenges.cloudflare.com/cdn-cgi/challenge-platform/h/b/pat/9ca7703c3ec6f00c/1770515031145/8abd4fe9c80e40e64d4dfcf0fc55b24d82a0734a6391cdeb7f91d8322007e1d0/ouFV3bg6xynWkUX:0
[    6289ms] [ERROR]  Note that 'script-src' was not explicitly set, so 'default-src' is used as a fallback. @ https://challenges.cloudflare.com/cdn-cgi/challenge-platform/h/b/turnstile/f/ov2/av0/rch/remcc/0x4AAAAAAA5YSuWDpwpgy3tz/auto/fbE/new/normal?lang=auto:0
[    6491ms] [ERROR] %c%d font-size:0;color:transparent NaN @ https://challenges.cloudflare.com/cdn-cgi/challenge-platform/h/b/turnstile/f/ov2/av0/rch/remcc/0x4AAAAAAA5YSuWDpwpgy3tz/auto/fbE/new/normal?lang=auto:0
[    6492ms] [ERROR] %c%d font-size:0;color:transparent NaN @ https://challenges.cloudflare.com/cdn-cgi/challenge-platform/h/b/turnstile/f/ov2/av0/rch/remcc/0x4AAAAAAA5YSuWDpwpgy3tz/auto/fbE/new/normal?lang=auto:0
[    6493ms] [WARNING] %c%d font-size:0;color:transparent NaN @ https://challenges.cloudflare.com/cdn-cgi/challenge-platform/h/b/turnstile/f/ov2/av0/rch/remcc/0x4AAAAAAA5YSuWDpwpgy3tz/auto/fbE/new/normal?lang=auto:0
[    6494ms] [WARNING] %c%d font-size:0;color:transparent NaN @ https://challenges.cloudflare.com/cdn-cgi/challenge-platform/h/b/turnstile/f/ov2/av0/rch/remcc/0x4AAAAAAA5YSuWDpwpgy3tz/auto/fbE/new/normal?lang=auto:0
