[     994ms] [WARNING] Failed parsing 'srcset' attribute value since it has an unknown descriptor. @ :0
[     994ms] [WARNING] Dropped srcset candidate "/assets/as24-home/images/categories/bodyTypes/desktop/Station" @ :0
[     994ms] [WARNING] Failed parsing 'srcset' attribute value since it has an unknown descriptor. @ :0
[     994ms] [WARNING] Dropped srcset candidate "/assets/as24-home/images/categories/bodyTypes/desktop/Station" @ :0
[    1128ms] [WARNING] [DEPRECATED] `context` will be removed in a future version. Instead use `import { createStore, useStore } from 'zustand'`. See: https://github.com/pmndrs/zustand/discussions/1180. @ https://www.autotrader.ca/as24-home/assets/external/javascripts/main.ff32d2fcfee5d813dc03.min.js:1
[    1139ms] [WARNING] Failed to register CustomElement "as24-tracking". TypeError: document.registerElement is not a function
    at Object.<anonymous> (https://www.autotrader.ca/assets/external/brave-flamingo/master/b254e3a4aca2f7656c75631aca993f8ff5fa917b/index.min.js:1:17672)
    at e (https://www.autotrader.ca/assets/external/brave-flamingo/master/b254e3a4aca2f7656c75631aca993f8ff5fa917b/index.min.js:1:107)
    at c (https://www.autotrader.ca/assets/external/brave-flamingo/master/b254e3a4aca2f7656c75631aca993f8ff5fa917b/index.min.js:1:1226)
    at u (https://www.autotrader.ca/assets/external/brave-flamingo/master/b254e3a4aca2f7656c75631aca993f8ff5fa917b/index.min.js:1:1293)
    at Object.<anonymous> (https://www.autotrader.ca/assets/external/brave-flamingo/master/b254e3a4aca2f7656c75631aca993f8ff5fa917b/index.min.js:1:1336)
    at e (https://www.autotrader.ca/assets/external/brave-flamingo/master/b254e3a4aca2f7656c75631aca993f8ff5fa917b/index.min.js:1:107)
    at https://www.autotrader.ca/assets/external/brave-flamingo/master/b254e3a4aca2f7656c75631aca993f8ff5fa917b/index.min.js:1:194
    at https://www.autotrader.ca/assets/external/brave-flamingo/master/b254e3a4aca2f7656c75631aca993f8ff5fa917b/index.min.js:1:199 @ https://www.autotrader.ca/assets/external/brave-flamingo/master/b254e3a4aca2f7656c75631aca993f8ff5fa917b/index.min.js:0
[    1141ms] [WARNING] Failed to register CustomElement "as24-icon". TypeError: document.registerElement is not a function
    at Object.<anonymous> (https://www.autotrader.ca/assets/external/showcar-icons/master/106fc1212dc758a68b85c1c5221480f6ed348524/showcar-icons.min.js:1:1772)
    at s (https://www.autotrader.ca/assets/external/showcar-icons/master/106fc1212dc758a68b85c1c5221480f6ed348524/showcar-icons.min.js:1:110)
    at https://www.autotrader.ca/assets/external/showcar-icons/master/106fc1212dc758a68b85c1c5221480f6ed348524/showcar-icons.min.js:1:902
    at https://www.autotrader.ca/assets/external/showcar-icons/master/106fc1212dc758a68b85c1c5221480f6ed348524/showcar-icons.min.js:1:911 @ https://www.autotrader.ca/assets/external/showcar-icons/master/106fc1212dc758a68b85c1c5221480f6ed348524/showcar-icons.min.js:0
[    1676ms] [ERROR] Failed to load resource: net::ERR_NAME_NOT_RESOLVED @ https://tracking-ingestion.as24-data-lake-dev.aws.as24.tech/events:0
[    1676ms] [ERROR] Failed to load resource: net::ERR_NAME_NOT_RESOLVED @ https://tracking-ingestion.as24-data-lake-dev.aws.as24.tech/events:0
[    1703ms] [ERROR] LT.JS: In declared ID, supplied id must be valid sha256 hash, was 'undefined' @ https://tags.crwdcntrl.net/lt/c/18106/lt.min.js:0
[    1703ms] [ERROR] LT.JS: Call to identify must include a properly formatted ID object. @ https://tags.crwdcntrl.net/lt/c/18106/lt.min.js:0
[    1745ms] [ERROR] The path of the provided scope ('/disco-turkey/_/service_worker') is not under the max scope allowed ('/disco-turkey/_/service_worker/61k0/'). Adjust the scope, move the Service Worker script, or use the Service-Worker-Allowed HTTP header to allow the scope. @ :0
[    1845ms] [WARNING] The ScriptProcessorNode is deprecated. Use AudioWorkletNode instead. (https://bit.ly/audio-worklet) @ https://t2.dealer-leads.ca/main.js:12
[    1845ms] [WARNING] The AudioContext was not allowed to start. It must be resumed (or created) after a user gesture on the page. https://developer.chrome.com/blog/autoplay/#web_audio @ https://t2.dealer-leads.ca/main.js:12
[    1847ms] [WARNING] The ScriptProcessorNode is deprecated. Use AudioWorkletNode instead. (https://bit.ly/audio-worklet) @ https://t2.dealer-leads.ca/main.js:12
[    1847ms] [WARNING] The AudioContext was not allowed to start. It must be resumed (or created) after a user gesture on the page. https://developer.chrome.com/blog/autoplay/#web_audio @ https://t2.dealer-leads.ca/main.js:12
[    2143ms] [WARNING] [Meta pixel] 1460478501373314 is unavailable on this website due to it's traffic permission settings. Go to https://www.facebook.com/business/help/572690630080597 to learn more. @ https://connect.facebook.net/en_US/fbevents.js:171
[    2178ms] [WARNING] Invalid GPT fixed size specification: [] @ https://securepubads.g.doubleclick.net/pagead/managed/js/gpt/m202602020101/pubads_impl.js:18
[    2181ms] [WARNING] Invalid GPT fixed size specification: [] @ https://securepubads.g.doubleclick.net/pagead/managed/js/gpt/m202602020101/pubads_impl.js:18
[    2181ms] [WARNING] Invalid GPT fixed size specification: [] @ https://securepubads.g.doubleclick.net/pagead/managed/js/gpt/m202602020101/pubads_impl.js:18
[    2479ms] [WARNING] [GPT] Using deprecated googletag.encryptedSignalProviders. Please use googletag.secureSignalProviders instead.
https://goo.gle/gpt-message#155 @ https://securepubads.g.doubleclick.net/pagead/managed/js/gpt/m202602020101/pubads_impl.js:18
[    2762ms] [ERROR] The path of the provided scope ('/') is not under the max scope allowed ('/service-worker/'). Adjust the scope, move the Service Worker script, or use the Service-Worker-Allowed HTTP header to allow the scope. @ :0
[    2782ms] [ERROR] Error when registering service worker:  SecurityError: Failed to register a ServiceWorker for scope ('https://www.autotrader.ca/') with script ('https://www.autotrader.ca/service-worker/serviceworker.js'): The path of the provided scope ('/') is not under the max scope allowed ('/service-worker/'). Adjust the scope, move the Service Worker script, or use the Service-Worker-Allowed HTTP header to allow the scope. @ https://www.autotrader.ca/:47
[    2786ms] Failed to register a ServiceWorker for scope ('https://www.autotrader.ca/') with script ('https://www.autotrader.ca/service-worker/serviceworker.js'): The path of the provided scope ('/') is not under the max scope allowed ('/service-worker/'). Adjust the scope, move the Service Worker script, or use the Service-Worker-Allowed HTTP header to allow the scope.
[    3479ms] [ERROR] Failed to load resource: net::ERR_NAME_NOT_RESOLVED @ https://tracking-ingestion.as24-data-lake-dev.aws.as24.tech/events:0
[   20611ms] [ERROR] Failed to load resource: net::ERR_NAME_NOT_RESOLVED @ https://tracking-ingestion.as24-data-lake-dev.aws.as24.tech/events:0
[   23472ms] [ERROR] Failed to load resource: net::ERR_NAME_NOT_RESOLVED @ https://tracking-ingestion.as24-data-lake-dev.aws.as24.tech/events:0
[   98606ms] [ERROR] Failed to load resource: net::ERR_NAME_NOT_RESOLVED @ https://tracking-ingestion.as24-data-lake-dev.aws.as24.tech/events:0
[   99850ms] [WARNING] window.dataLayer is undefined, resolving with empty string @ https://www.autotrader.ca/assets/as24-header-footer/footers/html/autohebdo_net/fr-CA/footer.4fa9c346.js:0
[  100210ms] [ERROR] Failed to load resource: net::ERR_NAME_NOT_RESOLVED @ https://tracking-ingestion.as24-data-lake-dev.aws.as24.tech/events:0
[  100265ms] [ERROR] LT.JS: In declared ID, supplied id must be valid sha256 hash, was 'undefined' @ https://tags.crwdcntrl.net/lt/c/18106/lt.min.js:0
[  100265ms] [ERROR] LT.JS: Call to identify must include a properly formatted ID object. @ https://tags.crwdcntrl.net/lt/c/18106/lt.min.js:0
[  100282ms] [WARNING] The ScriptProcessorNode is deprecated. Use AudioWorkletNode instead. (https://bit.ly/audio-worklet) @ https://t2.dealer-leads.ca/main.js:12
[  100283ms] [WARNING] The ScriptProcessorNode is deprecated. Use AudioWorkletNode instead. (https://bit.ly/audio-worklet) @ https://t2.dealer-leads.ca/main.js:12
[  100307ms] [ERROR] The path of the provided scope ('/disco-turkey/_/service_worker') is not under the max scope allowed ('/disco-turkey/_/service_worker/61k0/'). Adjust the scope, move the Service Worker script, or use the Service-Worker-Allowed HTTP header to allow the scope. @ :0
[  100415ms] [ERROR] Failed to load resource: the server responded with a status of 400 () @ https://www.autotrader.ca/as24-search-funnel/trader-track-event:0
[  100599ms] [WARNING] [Meta Pixel] - Removed URL query parameters due to potential violations. @ https://connect.facebook.net/en_US/fbevents.js:171
[  100600ms] [WARNING] [Meta pixel] 1460478501373314 is unavailable on this website due to it's traffic permission settings. Go to https://www.facebook.com/business/help/572690630080597 to learn more. @ https://connect.facebook.net/en_US/fbevents.js:171
[  100728ms] [ERROR] Failed to load resource: the server responded with a status of 401 () @ https://aa.agkn.com/adscores/g.json?sid=9202507693:0
[  101988ms] [WARNING] Invalid GPT fixed size specification: [] @ https://securepubads.g.doubleclick.net/pagead/managed/js/gpt/m202602020101/pubads_impl.js:18
[  101990ms] [WARNING] Invalid GPT fixed size specification: [] @ https://securepubads.g.doubleclick.net/pagead/managed/js/gpt/m202602020101/pubads_impl.js:18
[  101990ms] [WARNING] Invalid GPT fixed size specification: [] @ https://securepubads.g.doubleclick.net/pagead/managed/js/gpt/m202602020101/pubads_impl.js:18
[  101990ms] [WARNING] Invalid GPT fixed size specification: [] @ https://securepubads.g.doubleclick.net/pagead/managed/js/gpt/m202602020101/pubads_impl.js:18
[  101990ms] [WARNING] Invalid GPT fixed size specification: [] @ https://securepubads.g.doubleclick.net/pagead/managed/js/gpt/m202602020101/pubads_impl.js:18
[  101991ms] [WARNING] Invalid GPT fixed size specification: [] @ https://securepubads.g.doubleclick.net/pagead/managed/js/gpt/m202602020101/pubads_impl.js:18
[  101991ms] [WARNING] Invalid GPT fixed size specification: [] @ https://securepubads.g.doubleclick.net/pagead/managed/js/gpt/m202602020101/pubads_impl.js:18
[  101992ms] [WARNING] Invalid GPT fixed size specification: [] @ https://securepubads.g.doubleclick.net/pagead/managed/js/gpt/m202602020101/pubads_impl.js:18
[  101992ms] [WARNING] Invalid GPT fixed size specification: [] @ https://securepubads.g.doubleclick.net/pagead/managed/js/gpt/m202602020101/pubads_impl.js:18
[  101993ms] [WARNING] Invalid GPT fixed size specification: [] @ https://securepubads.g.doubleclick.net/pagead/managed/js/gpt/m202602020101/pubads_impl.js:18
[  101993ms] [WARNING] Invalid GPT fixed size specification: [] @ https://securepubads.g.doubleclick.net/pagead/managed/js/gpt/m202602020101/pubads_impl.js:18
[  101993ms] [WARNING] Invalid GPT fixed size specification: [] @ https://securepubads.g.doubleclick.net/pagead/managed/js/gpt/m202602020101/pubads_impl.js:18
[  101993ms] [WARNING] Invalid GPT fixed size specification: [] @ https://securepubads.g.doubleclick.net/pagead/managed/js/gpt/m202602020101/pubads_impl.js:18
[  101994ms] [WARNING] Invalid GPT fixed size specification: [] @ https://securepubads.g.doubleclick.net/pagead/managed/js/gpt/m202602020101/pubads_impl.js:18
[  101994ms] [WARNING] Invalid GPT fixed size specification: [] @ https://securepubads.g.doubleclick.net/pagead/managed/js/gpt/m202602020101/pubads_impl.js:18
[  101994ms] [WARNING] Invalid GPT fixed size specification: [] @ https://securepubads.g.doubleclick.net/pagead/managed/js/gpt/m202602020101/pubads_impl.js:18
[  101994ms] [WARNING] Invalid GPT fixed size specification: [] @ https://securepubads.g.doubleclick.net/pagead/managed/js/gpt/m202602020101/pubads_impl.js:18
[  101995ms] [WARNING] Invalid GPT fixed size specification: [] @ https://securepubads.g.doubleclick.net/pagead/managed/js/gpt/m202602020101/pubads_impl.js:18
[  102128ms] [ERROR] Failed to load resource: net::ERR_NAME_NOT_RESOLVED @ https://tracking-ingestion.as24-data-lake-dev.aws.as24.tech/events:0
[  102317ms] [ERROR] Failed to load resource: net::ERR_NAME_NOT_RESOLVED @ https://tracking-ingestion.as24-data-lake-dev.aws.as24.tech/events:0
[  102417ms] [ERROR] Failed to load resource: net::ERR_NAME_NOT_RESOLVED @ https://tracking-ingestion.as24-data-lake-dev.aws.as24.tech/events:0
[  102943ms] [ERROR] Failed to load resource: the server responded with a status of 404 () @ https://x.bidswitch.net/sync?ssp=vrtcal&user_id=vuidv3-7e7f20cb-69cd-4478-b191-25d47bfa69ff_1770484407&expires=365&NOTUSED=https%3A%2F%2Fusync.vrtcal.com%2Fo%3Forigssp%3D1822%26vrtcalpuser%3Dvuidv3-7e7f20cb-69cd-4478-b191-25d47bfa69ff_1770484407%26xs%3D1601%26did%3D:0
[  103192ms] [ERROR] Failed to load resource: the server responded with a status of 410 (Gone) @ https://ads.stickyadstv.com/user-matching?id=3676&NOTUSED=https%3A%2F%2Fusync.vrtcal.com%2Fo%3Forigssp%3D1822%26vrtcalpuser%3Dvuidv3-7e7f20cb-69cd-4478-b191-25d47bfa69ff_1770484407%26xs%3D1759%26did%3D:0
[  103210ms] [WARNING] Mixed Content: The page at 'https://us1rtb-user-sync.oneadtag.com/api/v1/sync/start?sid=susweb&us_privacy=$US_PRIVACY&gdpr=0&gdpr_consent=&redirect=https%3A%2F%2Fs.ad.smaato.net%2Fc%2F%3FdspId%3D1214%26dspCookie%3D%7BuserId%7D%26gdpr%3D0%26gdpr_consent%3D' was loaded over HTTPS, but requested an insecure element 'http://ib.adnxs.com/getuid?https://us1rtb-user-sync.oneadtag.com/api/v1/sync/callback?dsp_id=xandr&dsp_user_id=%24UID&gdpr=0&gdpr_consent=&us_privacy=%24US_PRIVACY&user_id=636525b2-f33d-47a6-b9bc-4012832d75c2'. This request was automatically upgraded to HTTPS, For more information see https://blog.chromium.org/2019/10/no-more-mixed-messages-about-https.html @ https://us1rtb-user-sync.oneadtag.com/api/v1/sync/start?sid=susweb&us_privacy=$US_PRIVACY&gdpr=0&gdpr_consent=&redirect=https%3A%2F%2Fs.ad.smaato.net%2Fc%2F%3FdspId%3D1214%26dspCookie%3D%7BuserId%7D%26gdpr%3D0%26gdpr_consent%3D:0
[  103220ms] [WARNING] Mixed Content: The page at 'https://us1rtb-user-sync.oneadtag.com/api/v1/sync/start?sid=susweb&us_privacy=$US_PRIVACY&gdpr=0&gdpr_consent=&redirect=https%3A%2F%2Fs.ad.smaato.net%2Fc%2F%3FdspId%3D1214%26dspCookie%3D%7BuserId%7D%26gdpr%3D0%26gdpr_consent%3D' was loaded over HTTPS, but requested an insecure element 'http://ib.adnxs.com/getuid?https://us1rtb-user-sync.oneadtag.com/api/v1/sync/callback?dsp_id=xandr&dsp_user_id=%24UID&gdpr=0&gdpr_consent=&us_privacy=%24US_PRIVACY&user_id=636525b2-f33d-47a6-b9bc-4012832d75c2'. This request was automatically upgraded to HTTPS, For more information see https://blog.chromium.org/2019/10/no-more-mixed-messages-about-https.html @ https://us1rtb-user-sync.oneadtag.com/api/v1/sync/start?sid=susweb&us_privacy=$US_PRIVACY&gdpr=0&gdpr_consent=&redirect=https%3A%2F%2Fs.ad.smaato.net%2Fc%2F%3FdspId%3D1214%26dspCookie%3D%7BuserId%7D%26gdpr%3D0%26gdpr_consent%3D:0
[  103281ms] [WARNING] Mixed Content: The page at 'https://us1rtb-user-sync.oneadtag.com/api/v1/sync/start?gdpr=0&gdpr_consent=&global_user_id=636525b2-f33d-47a6-b9bc-4012832d75c2&redirect=http%3A%2F%2Fexample.com%2Fpixel.gif&sid=us&us_privacy=%24US_PRIVACY' was loaded over HTTPS, but requested an insecure element 'http://example.com/pixel.gif'. This request was automatically upgraded to HTTPS, For more information see https://blog.chromium.org/2019/10/no-more-mixed-messages-about-https.html @ https://us1rtb-user-sync.oneadtag.com/api/v1/sync/start?gdpr=0&gdpr_consent=&global_user_id=636525b2-f33d-47a6-b9bc-4012832d75c2&redirect=http%3A%2F%2Fexample.com%2Fpixel.gif&sid=us&us_privacy=%24US_PRIVACY:0
[  103281ms] [WARNING] Mixed Content: The page at 'https://us1rtb-user-sync.oneadtag.com/api/v1/sync/start?gdpr=0&gdpr_consent=&global_user_id=636525b2-f33d-47a6-b9bc-4012832d75c2&redirect=http%3A%2F%2Fexample.com%2Fpixel.gif&sid=us&us_privacy=%24US_PRIVACY' was loaded over HTTPS, but requested an insecure element 'http://ib.adnxs.com/getuid?https://us1rtb-user-sync.oneadtag.com/api/v1/sync/callback?dsp_id=xandr&dsp_user_id=%24UID&gdpr=0&gdpr_consent=&us_privacy=%24US_PRIVACY&user_id=636525b2-f33d-47a6-b9bc-4012832d75c2'. This request was automatically upgraded to HTTPS, For more information see https://blog.chromium.org/2019/10/no-more-mixed-messages-about-https.html @ https://us1rtb-user-sync.oneadtag.com/api/v1/sync/start?gdpr=0&gdpr_consent=&global_user_id=636525b2-f33d-47a6-b9bc-4012832d75c2&redirect=http%3A%2F%2Fexample.com%2Fpixel.gif&sid=us&us_privacy=%24US_PRIVACY:0
[  103282ms] [WARNING] Mixed Content: The page at 'https://us1rtb-user-sync.oneadtag.com/api/v1/sync/start?gdpr=0&gdpr_consent=&global_user_id=636525b2-f33d-47a6-b9bc-4012832d75c2&redirect=http%3A%2F%2Fexample.com%2Fpixel.gif&sid=us&us_privacy=%24US_PRIVACY' was loaded over HTTPS, but requested an insecure element 'http://example.com/pixel.gif'. This request was automatically upgraded to HTTPS, For more information see https://blog.chromium.org/2019/10/no-more-mixed-messages-about-https.html @ https://us1rtb-user-sync.oneadtag.com/api/v1/sync/start?gdpr=0&gdpr_consent=&global_user_id=636525b2-f33d-47a6-b9bc-4012832d75c2&redirect=http%3A%2F%2Fexample.com%2Fpixel.gif&sid=us&us_privacy=%24US_PRIVACY:0
[  103282ms] [WARNING] Mixed Content: The page at 'https://us1rtb-user-sync.oneadtag.com/api/v1/sync/start?gdpr=0&gdpr_consent=&global_user_id=636525b2-f33d-47a6-b9bc-4012832d75c2&redirect=http%3A%2F%2Fexample.com%2Fpixel.gif&sid=us&us_privacy=%24US_PRIVACY' was loaded over HTTPS, but requested an insecure element 'http://ib.adnxs.com/getuid?https://us1rtb-user-sync.oneadtag.com/api/v1/sync/callback?dsp_id=xandr&dsp_user_id=%24UID&gdpr=0&gdpr_consent=&us_privacy=%24US_PRIVACY&user_id=636525b2-f33d-47a6-b9bc-4012832d75c2'. This request was automatically upgraded to HTTPS, For more information see https://blog.chromium.org/2019/10/no-more-mixed-messages-about-https.html @ https://us1rtb-user-sync.oneadtag.com/api/v1/sync/start?gdpr=0&gdpr_consent=&global_user_id=636525b2-f33d-47a6-b9bc-4012832d75c2&redirect=http%3A%2F%2Fexample.com%2Fpixel.gif&sid=us&us_privacy=%24US_PRIVACY:0
[  102943ms] [ERROR] Failed to load resource: the server responded with a status of 404 () @ https://x.bidswitch.net/sync?ssp=vrtcal&user_id=vuidv3-7e7f20cb-69cd-4478-b191-25d47bfa69ff_1770484407&expires=365&NOTUSED=https%3A%2F%2Fusync.vrtcal.com%2Fo%3Forigssp%3D1822%26vrtcalpuser%3Dvuidv3-7e7f20cb-69cd-4478-b191-25d47bfa69ff_1770484407%26xs%3D1601%26did%3D:0
[  103192ms] [ERROR] Failed to load resource: the server responded with a status of 410 (Gone) @ https://ads.stickyadstv.com/user-matching?id=3676&NOTUSED=https%3A%2F%2Fusync.vrtcal.com%2Fo%3Forigssp%3D1822%26vrtcalpuser%3Dvuidv3-7e7f20cb-69cd-4478-b191-25d47bfa69ff_1770484407%26xs%3D1759%26did%3D:0
[  103339ms] [WARNING] Mixed Content: The page at 'https://onetag-sys.com/usync/?gdpr=0&gdpr_consent=&redir=https%3A%2F%2Fcs-server-s2s.yellowblue.io%2Fcs%3Ffwrd%3D1%26aid%3D11581%26uid%3D%24%7BUSER_TOKEN%7D&us_privacy=%5BUS_PRIVACY%5D' was loaded over HTTPS, but requested an insecure element 'http://user-sync.fwmrm.net/ad/u?mode=echo&cr=https%3A%2F%2Fonetag-sys.com%2Fmatch%2F%3Fint_id%3D3%26gdpr%3D0%26gdpr_consent%3D%26uid%3D#{user.id}'. This request was automatically upgraded to HTTPS, For more information see https://blog.chromium.org/2019/10/no-more-mixed-messages-about-https.html @ https://onetag-sys.com/usync/?gdpr=0&gdpr_consent=&redir=https%3A%2F%2Fcs-server-s2s.yellowblue.io%2Fcs%3Ffwrd%3D1%26aid%3D11581%26uid%3D%24%7BUSER_TOKEN%7D&us_privacy=%5BUS_PRIVACY%5D:0
[  103476ms] [ERROR] Failed to load resource: net::ERR_NAME_NOT_RESOLVED @ https://cm-x.mgid.com/5f771db5775920b3ea597ee1392355e9.gif?puid=[UID]&redir=https%3A%2F%2Fs.ad.smaato.net%2Fc%2F%3FdspId%3D1466%26dspCookie%3D%5BUID%5D%26gdpr%3D0%26gdpr_consent%3D&gdpr=0&gdpr_consent=&coppa=[COPPA]&gpp=[GPP]&gpp_sid=[GPP_SID]:0
[  104282ms] [ERROR] Attestation check for Shared Storage on https://www.googleadservices.com failed. @ https://www.googleadservices.com/pagead/managed/js/activeview/current/reach_worklet.html:0
[  102943ms] [ERROR] Failed to load resource: the server responded with a status of 404 () @ https://x.bidswitch.net/sync?ssp=vrtcal&user_id=vuidv3-7e7f20cb-69cd-4478-b191-25d47bfa69ff_1770484407&expires=365&NOTUSED=https%3A%2F%2Fusync.vrtcal.com%2Fo%3Forigssp%3D1822%26vrtcalpuser%3Dvuidv3-7e7f20cb-69cd-4478-b191-25d47bfa69ff_1770484407%26xs%3D1601%26did%3D:0
[  103192ms] [ERROR] Failed to load resource: the server responded with a status of 410 (Gone) @ https://ads.stickyadstv.com/user-matching?id=3676&NOTUSED=https%3A%2F%2Fusync.vrtcal.com%2Fo%3Forigssp%3D1822%26vrtcalpuser%3Dvuidv3-7e7f20cb-69cd-4478-b191-25d47bfa69ff_1770484407%26xs%3D1759%26did%3D:0
[  102943ms] [ERROR] Failed to load resource: the server responded with a status of 404 () @ https://x.bidswitch.net/sync?ssp=vrtcal&user_id=vuidv3-7e7f20cb-69cd-4478-b191-25d47bfa69ff_1770484407&expires=365&NOTUSED=https%3A%2F%2Fusync.vrtcal.com%2Fo%3Forigssp%3D1822%26vrtcalpuser%3Dvuidv3-7e7f20cb-69cd-4478-b191-25d47bfa69ff_1770484407%26xs%3D1601%26did%3D:0
[  103192ms] [ERROR] Failed to load resource: the server responded with a status of 410 (Gone) @ https://ads.stickyadstv.com/user-matching?id=3676&NOTUSED=https%3A%2F%2Fusync.vrtcal.com%2Fo%3Forigssp%3D1822%26vrtcalpuser%3Dvuidv3-7e7f20cb-69cd-4478-b191-25d47bfa69ff_1770484407%26xs%3D1759%26did%3D:0
[  104282ms] [ERROR] Attestation check for Shared Storage on https://www.googleadservices.com failed. @ https://www.googleadservices.com/pagead/managed/js/activeview/current/reach_worklet.html:0
[  114750ms] [ERROR] Attestation check for Shared Storage on https://www.googleadservices.com failed. @ https://www.googleadservices.com/pagead/managed/js/activeview/current/reach_worklet.html:0
[  117026ms] [ERROR] Failed to load resource: net::ERR_HTTP2_SERVER_REFUSED_STREAM @ https://cs.admanmedia.com/sync/openweb_ssp?gdpr=0&gdpr_consent=%5BGDPR_CONSENT%5D&redir=https%3A%2F%2Fcs.openwebmp.com%2Fcs%3Ffwrd%3D1%26aid%3D40037%26puid%3D%5BUID%5D:0
[  117033ms] [ERROR] Failed to load resource: net::ERR_HTTP2_SERVER_REFUSED_STREAM @ https://cs.admanmedia.com/8003fe224b2b72d51befe0430ee7d28a.gif?redir=https%3A%2F%2Fusync.vrtcal.com%2Fo%3Forigssp%3D1822%26vrtcalpuser%3Dvuidv3-7e7f20cb-69cd-4478-b191-25d47bfa69ff_1770484407%26xs%3D1756%26did%3D:0
[  102943ms] [ERROR] Failed to load resource: the server responded with a status of 404 () @ https://x.bidswitch.net/sync?ssp=vrtcal&user_id=vuidv3-7e7f20cb-69cd-4478-b191-25d47bfa69ff_1770484407&expires=365&NOTUSED=https%3A%2F%2Fusync.vrtcal.com%2Fo%3Forigssp%3D1822%26vrtcalpuser%3Dvuidv3-7e7f20cb-69cd-4478-b191-25d47bfa69ff_1770484407%26xs%3D1601%26did%3D:0
[  103192ms] [ERROR] Failed to load resource: the server responded with a status of 410 (Gone) @ https://ads.stickyadstv.com/user-matching?id=3676&NOTUSED=https%3A%2F%2Fusync.vrtcal.com%2Fo%3Forigssp%3D1822%26vrtcalpuser%3Dvuidv3-7e7f20cb-69cd-4478-b191-25d47bfa69ff_1770484407%26xs%3D1759%26did%3D:0
[  117033ms] [ERROR] Failed to load resource: net::ERR_HTTP2_SERVER_REFUSED_STREAM @ https://cs.admanmedia.com/8003fe224b2b72d51befe0430ee7d28a.gif?redir=https%3A%2F%2Fusync.vrtcal.com%2Fo%3Forigssp%3D1822%26vrtcalpuser%3Dvuidv3-7e7f20cb-69cd-4478-b191-25d47bfa69ff_1770484407%26xs%3D1756%26did%3D:0
[  102943ms] [ERROR] Failed to load resource: the server responded with a status of 404 () @ https://x.bidswitch.net/sync?ssp=vrtcal&user_id=vuidv3-7e7f20cb-69cd-4478-b191-25d47bfa69ff_1770484407&expires=365&NOTUSED=https%3A%2F%2Fusync.vrtcal.com%2Fo%3Forigssp%3D1822%26vrtcalpuser%3Dvuidv3-7e7f20cb-69cd-4478-b191-25d47bfa69ff_1770484407%26xs%3D1601%26did%3D:0
[  103192ms] [ERROR] Failed to load resource: the server responded with a status of 410 (Gone) @ https://ads.stickyadstv.com/user-matching?id=3676&NOTUSED=https%3A%2F%2Fusync.vrtcal.com%2Fo%3Forigssp%3D1822%26vrtcalpuser%3Dvuidv3-7e7f20cb-69cd-4478-b191-25d47bfa69ff_1770484407%26xs%3D1759%26did%3D:0
[  117033ms] [ERROR] Failed to load resource: net::ERR_HTTP2_SERVER_REFUSED_STREAM @ https://cs.admanmedia.com/8003fe224b2b72d51befe0430ee7d28a.gif?redir=https%3A%2F%2Fusync.vrtcal.com%2Fo%3Forigssp%3D1822%26vrtcalpuser%3Dvuidv3-7e7f20cb-69cd-4478-b191-25d47bfa69ff_1770484407%26xs%3D1756%26did%3D:0
[  147535ms] [ERROR] Failed to load resource: net::ERR_NAME_NOT_RESOLVED @ https://tracking-ingestion.as24-data-lake-dev.aws.as24.tech/events:0
[  195352ms] [WARNING] Form submission canceled because the form is not connected @ https://www.autotrader.ca/lst/land-rover/l5b1c2-mississauga,-on?sort=standard&desc=0&ustate=N%2CU&offer=N%2CU&atype=C&cy=CA&cat=ma15641gr200835&mcat=ma15641gr200835&lat=43.5590705871582&lon=-79.62499237060547&zip=L5B1C2%20Mississauga%2C%20ON&zipr=100&damaged_listing=exclude&source=homepage_search-mask:0
[  196518ms] [WARNING] Invalid GPT fixed size specification: [] @ https://securepubads.g.doubleclick.net/pagead/managed/js/gpt/m202602020101/pubads_impl.js:18
[  196520ms] [WARNING] Invalid GPT fixed size specification: [] @ https://securepubads.g.doubleclick.net/pagead/managed/js/gpt/m202602020101/pubads_impl.js:18
[  196522ms] [WARNING] Invalid GPT fixed size specification: [] @ https://securepubads.g.doubleclick.net/pagead/managed/js/gpt/m202602020101/pubads_impl.js:18
[  196524ms] [WARNING] Invalid GPT fixed size specification: [] @ https://securepubads.g.doubleclick.net/pagead/managed/js/gpt/m202602020101/pubads_impl.js:18
[  196525ms] [WARNING] Invalid GPT fixed size specification: [] @ https://securepubads.g.doubleclick.net/pagead/managed/js/gpt/m202602020101/pubads_impl.js:18
[  196526ms] [WARNING] Invalid GPT fixed size specification: [] @ https://securepubads.g.doubleclick.net/pagead/managed/js/gpt/m202602020101/pubads_impl.js:18
[  196529ms] [WARNING] Invalid GPT fixed size specification: [] @ https://securepubads.g.doubleclick.net/pagead/managed/js/gpt/m202602020101/pubads_impl.js:18
[  196531ms] [WARNING] Invalid GPT fixed size specification: [] @ https://securepubads.g.doubleclick.net/pagead/managed/js/gpt/m202602020101/pubads_impl.js:18
[  196533ms] [WARNING] Invalid GPT fixed size specification: [] @ https://securepubads.g.doubleclick.net/pagead/managed/js/gpt/m202602020101/pubads_impl.js:18
[  196537ms] [WARNING] Invalid GPT fixed size specification: [] @ https://securepubads.g.doubleclick.net/pagead/managed/js/gpt/m202602020101/pubads_impl.js:18
[  196538ms] [WARNING] Invalid GPT fixed size specification: [] @ https://securepubads.g.doubleclick.net/pagead/managed/js/gpt/m202602020101/pubads_impl.js:18
[  196539ms] [WARNING] Invalid GPT fixed size specification: [] @ https://securepubads.g.doubleclick.net/pagead/managed/js/gpt/m202602020101/pubads_impl.js:18
[  196541ms] [WARNING] Invalid GPT fixed size specification: [] @ https://securepubads.g.doubleclick.net/pagead/managed/js/gpt/m202602020101/pubads_impl.js:18
[  196541ms] [WARNING] Invalid GPT fixed size specification: [] @ https://securepubads.g.doubleclick.net/pagead/managed/js/gpt/m202602020101/pubads_impl.js:18
[  196542ms] [WARNING] Invalid GPT fixed size specification: [] @ https://securepubads.g.doubleclick.net/pagead/managed/js/gpt/m202602020101/pubads_impl.js:18
[  196682ms] [WARNING] Invalid GPT fixed size specification: [] @ https://securepubads.g.doubleclick.net/pagead/managed/js/gpt/m202602020101/pubads_impl.js:18
[  196683ms] [WARNING] Invalid GPT fixed size specification: [] @ https://securepubads.g.doubleclick.net/pagead/managed/js/gpt/m202602020101/pubads_impl.js:18
[  196685ms] [WARNING] Invalid GPT fixed size specification: [] @ https://securepubads.g.doubleclick.net/pagead/managed/js/gpt/m202602020101/pubads_impl.js:18
[  196687ms] [WARNING] Invalid GPT fixed size specification: [] @ https://securepubads.g.doubleclick.net/pagead/managed/js/gpt/m202602020101/pubads_impl.js:18
[  196689ms] [WARNING] Invalid GPT fixed size specification: [] @ https://securepubads.g.doubleclick.net/pagead/managed/js/gpt/m202602020101/pubads_impl.js:18
[  196690ms] [WARNING] Invalid GPT fixed size specification: [] @ https://securepubads.g.doubleclick.net/pagead/managed/js/gpt/m202602020101/pubads_impl.js:18
[  196693ms] [WARNING] Invalid GPT fixed size specification: [] @ https://securepubads.g.doubleclick.net/pagead/managed/js/gpt/m202602020101/pubads_impl.js:18
[  196694ms] [WARNING] Invalid GPT fixed size specification: [] @ https://securepubads.g.doubleclick.net/pagead/managed/js/gpt/m202602020101/pubads_impl.js:18
[  196697ms] [WARNING] Invalid GPT fixed size specification: [] @ https://securepubads.g.doubleclick.net/pagead/managed/js/gpt/m202602020101/pubads_impl.js:18
[  196699ms] [WARNING] Invalid GPT fixed size specification: [] @ https://securepubads.g.doubleclick.net/pagead/managed/js/gpt/m202602020101/pubads_impl.js:18
[  196700ms] [WARNING] Invalid GPT fixed size specification: [] @ https://securepubads.g.doubleclick.net/pagead/managed/js/gpt/m202602020101/pubads_impl.js:18
[  196701ms] [WARNING] Invalid GPT fixed size specification: [] @ https://securepubads.g.doubleclick.net/pagead/managed/js/gpt/m202602020101/pubads_impl.js:18
[  196703ms] [WARNING] Invalid GPT fixed size specification: [] @ https://securepubads.g.doubleclick.net/pagead/managed/js/gpt/m202602020101/pubads_impl.js:18
[  196704ms] [WARNING] Invalid GPT fixed size specification: [] @ https://securepubads.g.doubleclick.net/pagead/managed/js/gpt/m202602020101/pubads_impl.js:18
[  196705ms] [WARNING] Invalid GPT fixed size specification: [] @ https://securepubads.g.doubleclick.net/pagead/managed/js/gpt/m202602020101/pubads_impl.js:18
[  196748ms] [ERROR] LT.JS: In declared ID, supplied id must be valid sha256 hash, was 'undefined' @ https://tags.crwdcntrl.net/lt/c/18106/lt.min.js:0
[  196748ms] [ERROR] LT.JS: Call to identify must include a properly formatted ID object. @ https://tags.crwdcntrl.net/lt/c/18106/lt.min.js:0
[  196753ms] [ERROR] Failed to load resource: the server responded with a status of 400 () @ https://www.autotrader.ca/as24-search-funnel/trader-track-event:0
[  196820ms] [ERROR] Failed to load resource: net::ERR_NAME_NOT_RESOLVED @ https://tracking-ingestion.as24-data-lake-dev.aws.as24.tech/events:0
[  198045ms] [ERROR] Attestation check for Shared Storage on https://www.googleadservices.com failed. @ https://www.googleadservices.com/pagead/managed/js/activeview/current/reach_worklet.html:0
[  198130ms] [ERROR] Attestation check for Attribution Reporting on https://ad.doubleclick.net failed. @ https://www.autotrader.ca/lst/land-rover/L5b1c2%20Mississauga,%20ON?atype=C&cat=ma15641gr200835&cy=CA&damaged_listing=exclude&desc=0&lat=43.5590705871582&lon=-79.62499237060547&mcat=ma15641gr200835&modelyearfrom=2021&offer=N%2CU&search_id=1snfsrp8q13&size=20&sort=standard&source=homepage_search-mask&ustate=N%2CU&zip=L5b1c2%20Mississauga%2C%20ON&zipr=100:0
[  209436ms] [ERROR] Failed to load resource: net::ERR_NAME_NOT_RESOLVED @ https://tracking-ingestion.as24-data-lake-dev.aws.as24.tech/events:0
[  240055ms] [WARNING] Form submission canceled because the form is not connected @ https://www.autotrader.ca/lst/land-rover/L5b1c2%20Mississauga,%20ON?atype=C&cat=ma15641gr200835&cy=CA&damaged_listing=exclude&desc=0&lat=43.5590705871582&lon=-79.62499237060547&mcat=ma15641gr200835&modelyearfrom=2021&offer=N%2CU&search_id=1snfsrp8q13&size=20&sort=standard&source=homepage_search-mask&ustate=N%2CU&zip=L5b1c2%20Mississauga%2C%20ON&zipr=100:0
[  241478ms] [WARNING] Invalid GPT fixed size specification: [] @ https://securepubads.g.doubleclick.net/pagead/managed/js/gpt/m202602020101/pubads_impl.js:18
[  241480ms] [WARNING] Invalid GPT fixed size specification: [] @ https://securepubads.g.doubleclick.net/pagead/managed/js/gpt/m202602020101/pubads_impl.js:18
[  241483ms] [WARNING] Invalid GPT fixed size specification: [] @ https://securepubads.g.doubleclick.net/pagead/managed/js/gpt/m202602020101/pubads_impl.js:18
[  241487ms] [WARNING] Invalid GPT fixed size specification: [] @ https://securepubads.g.doubleclick.net/pagead/managed/js/gpt/m202602020101/pubads_impl.js:18
[  241489ms] [WARNING] Invalid GPT fixed size specification: [] @ https://securepubads.g.doubleclick.net/pagead/managed/js/gpt/m202602020101/pubads_impl.js:18
[  241490ms] [WARNING] Invalid GPT fixed size specification: [] @ https://securepubads.g.doubleclick.net/pagead/managed/js/gpt/m202602020101/pubads_impl.js:18
[  241493ms] [WARNING] Invalid GPT fixed size specification: [] @ https://securepubads.g.doubleclick.net/pagead/managed/js/gpt/m202602020101/pubads_impl.js:18
[  241494ms] [WARNING] Invalid GPT fixed size specification: [] @ https://securepubads.g.doubleclick.net/pagead/managed/js/gpt/m202602020101/pubads_impl.js:18
[  241496ms] [WARNING] Invalid GPT fixed size specification: [] @ https://securepubads.g.doubleclick.net/pagead/managed/js/gpt/m202602020101/pubads_impl.js:18
[  241499ms] [WARNING] Invalid GPT fixed size specification: [] @ https://securepubads.g.doubleclick.net/pagead/managed/js/gpt/m202602020101/pubads_impl.js:18
[  241500ms] [WARNING] Invalid GPT fixed size specification: [] @ https://securepubads.g.doubleclick.net/pagead/managed/js/gpt/m202602020101/pubads_impl.js:18
[  241500ms] [WARNING] Invalid GPT fixed size specification: [] @ https://securepubads.g.doubleclick.net/pagead/managed/js/gpt/m202602020101/pubads_impl.js:18
[  241589ms] [WARNING] Invalid GPT fixed size specification: [] @ https://securepubads.g.doubleclick.net/pagead/managed/js/gpt/m202602020101/pubads_impl.js:18
[  241591ms] [WARNING] Invalid GPT fixed size specification: [] @ https://securepubads.g.doubleclick.net/pagead/managed/js/gpt/m202602020101/pubads_impl.js:18
[  241592ms] [WARNING] Invalid GPT fixed size specification: [] @ https://securepubads.g.doubleclick.net/pagead/managed/js/gpt/m202602020101/pubads_impl.js:18
[  241597ms] [WARNING] Invalid GPT fixed size specification: [] @ https://securepubads.g.doubleclick.net/pagead/managed/js/gpt/m202602020101/pubads_impl.js:18
[  241599ms] [WARNING] Invalid GPT fixed size specification: [] @ https://securepubads.g.doubleclick.net/pagead/managed/js/gpt/m202602020101/pubads_impl.js:18
[  241601ms] [WARNING] Invalid GPT fixed size specification: [] @ https://securepubads.g.doubleclick.net/pagead/managed/js/gpt/m202602020101/pubads_impl.js:18
[  241604ms] [WARNING] Invalid GPT fixed size specification: [] @ https://securepubads.g.doubleclick.net/pagead/managed/js/gpt/m202602020101/pubads_impl.js:18
[  241605ms] [WARNING] Invalid GPT fixed size specification: [] @ https://securepubads.g.doubleclick.net/pagead/managed/js/gpt/m202602020101/pubads_impl.js:18
[  241606ms] [WARNING] Invalid GPT fixed size specification: [] @ https://securepubads.g.doubleclick.net/pagead/managed/js/gpt/m202602020101/pubads_impl.js:18
[  241606ms] [WARNING] Invalid GPT fixed size specification: [] @ https://securepubads.g.doubleclick.net/pagead/managed/js/gpt/m202602020101/pubads_impl.js:18
[  241607ms] [WARNING] Invalid GPT fixed size specification: [] @ https://securepubads.g.doubleclick.net/pagead/managed/js/gpt/m202602020101/pubads_impl.js:18
[  241607ms] [WARNING] Invalid GPT fixed size specification: [] @ https://securepubads.g.doubleclick.net/pagead/managed/js/gpt/m202602020101/pubads_impl.js:18
[  241637ms] [ERROR] LT.JS: In declared ID, supplied id must be valid sha256 hash, was 'undefined' @ https://tags.crwdcntrl.net/lt/c/18106/lt.min.js:0
[  241637ms] [ERROR] LT.JS: Call to identify must include a properly formatted ID object. @ https://tags.crwdcntrl.net/lt/c/18106/lt.min.js:0
[  241666ms] [ERROR] Failed to load resource: the server responded with a status of 400 () @ https://www.autotrader.ca/as24-search-funnel/trader-track-event:0
[  241727ms] [ERROR] Failed to load resource: net::ERR_NAME_NOT_RESOLVED @ https://tracking-ingestion.as24-data-lake-dev.aws.as24.tech/events:0
[  242868ms] [ERROR] Attestation check for Shared Storage on https://www.googleadservices.com failed. @ https://www.googleadservices.com/pagead/managed/js/activeview/current/reach_worklet.html:0
